app/build/outputs/logs/manifest-merger-debug-report.txt
-- Merging decision tree log ---
manifest
ADDED from src/main/AndroidManifest.xml:2:1-92:12
	package
		ADDED from src/main/AndroidManifest.xml:3:5-48
		INJECTED from src/main/AndroidManifest.xml
		INJECTED from src/main/AndroidManifest.xml
	android:versionName
		INJECTED from src/main/AndroidManifest.xml
		INJECTED from src/main/AndroidManifest.xml
	xmlns:android
		ADDED from src/main/AndroidManifest.xml:2:11-69
	android:versionCode
		INJECTED from src/main/AndroidManifest.xml
		INJECTED from src/main/AndroidManifest.xml
uses-permission#android.permission.GET_ACCOUNTS
ADDED from src/main/AndroidManifest.xml:5:5-71
	android:name
		ADDED from src/main/AndroidManifest.xml:5:22-68
uses-permission#android.permission.INTERNET
ADDED from src/main/AndroidManifest.xml:6:5-67
MERGED from [com.google.android.gms:play-services-ads:8.4.0] AndroidManifest.xml:20:5-66
MERGED from [com.google.android.gms:play-services-analytics:8.4.0] AndroidManifest.xml:21:5-67
MERGED from [com.google.android.gms:play-services-appinvite:8.4.0] AndroidManifest.xml:19:5-67
MERGED from [com.google.android.gms:play-services-maps:8.4.0] AndroidManifest.xml:21:5-66
MERGED from [com.google.android.gms:play-services-gcm:8.4.0] AndroidManifest.xml:22:5-67
MERGED from [com.google.android.gms:play-services-measurement:8.4.0] AndroidManifest.xml:21:5-67
MERGED from [com.google.android.gms:play-services-maps:8.4.0] AndroidManifest.xml:21:5-66
MERGED from [com.google.android.gms:play-services-maps:8.4.0] AndroidManifest.xml:21:5-66
MERGED from [com.google.android.gms:play-services-measurement:8.4.0] AndroidManifest.xml:21:5-67
MERGED from [com.google.android.gms:play-services-maps:8.4.0] AndroidManifest.xml:21:5-66
	android:name
		ADDED from src/main/AndroidManifest.xml:6:22-64
uses-permission#android.permission.CAMERA
ADDED from src/main/AndroidManifest.xml:7:5-65
	android:name
		ADDED from src/main/AndroidManifest.xml:7:22-62
uses-permission#android.permission.WRITE_EXTERNAL_STORAGE
ADDED from src/main/AndroidManifest.xml:8:5-81
	android:name
		ADDED from src/main/AndroidManifest.xml:8:22-78
uses-permission#android.permission.READ_EXTERNAL_STORAGE
ADDED from src/main/AndroidManifest.xml:9:5-80
	android:name
		ADDED from src/main/AndroidManifest.xml:9:22-77
uses-permission#android.permission.ACCESS_NETWORK_STATE
ADDED from src/main/AndroidManifest.xml:10:5-79
MERGED from [com.google.android.gms:play-services-ads:8.4.0] AndroidManifest.xml:21:5-78
MERGED from [com.google.android.gms:play-services-analytics:8.4.0] AndroidManifest.xml:22:5-79
MERGED from [com.google.android.gms:play-services-maps:8.4.0] AndroidManifest.xml:20:5-78
MERGED from [com.google.android.gms:play-services-measurement:8.4.0] AndroidManifest.xml:22:5-79
MERGED from [com.google.android.gms:play-services-maps:8.4.0] AndroidManifest.xml:20:5-78
MERGED from [com.google.android.gms:play-services-maps:8.4.0] AndroidManifest.xml:20:5-78
MERGED from [com.google.android.gms:play-services-measurement:8.4.0] AndroidManifest.xml:22:5-79
MERGED from [com.google.android.gms:play-services-nearby:8.4.0] AndroidManifest.xml:19:5-79
MERGED from [com.google.android.gms:play-services-maps:8.4.0] AndroidManifest.xml:20:5-78
	android:name
		ADDED from src/main/AndroidManifest.xml:10:22-76
uses-permission#com.google.android.providers.gsf.prmission.READ.GSERVICES
ADDED from src/main/AndroidManifest.xml:11:5-97
	android:name
		ADDED from src/main/AndroidManifest.xml:11:22-94
uses-permission#android.permission.ACCESS_COARSE_LOCATION
ADDED from src/main/AndroidManifest.xml:12:5-81
	android:name
		ADDED from src/main/AndroidManifest.xml:12:22-78
uses-permission#android.permission.ACCESS_FINE_LOCATION
ADDED from src/main/AndroidManifest.xml:13:5-79
	android:name
		ADDED from src/main/AndroidManifest.xml:13:22-76
application
ADDED from src/main/AndroidManifest.xml:15:5-90:19
MERGED from [com.android.support:appcompat-v7:23.3.0] AndroidManifest.xml:25:5-20
MERGED from [com.android.support:support-vector-drawable:23.3.0] AndroidManifest.xml:7:5-20
MERGED from [com.android.support:support-v4:23.3.0] AndroidManifest.xml:22:5-20
MERGED from [com.android.support:animated-vector-drawable:23.3.0] AndroidManifest.xml:7:5-20
MERGED from [com.android.support:support-vector-drawable:23.3.0] AndroidManifest.xml:7:5-20
MERGED from [com.android.support:support-v4:23.3.0] AndroidManifest.xml:22:5-20
MERGED from [com.android.support:support-v4:23.3.0] AndroidManifest.xml:22:5-20
MERGED from [com.android.support:design:23.3.0] AndroidManifest.xml:22:5-20
MERGED from [com.android.support:appcompat-v7:23.3.0] AndroidManifest.xml:25:5-20
MERGED from [com.android.support:support-vector-drawable:23.3.0] AndroidManifest.xml:7:5-20
MERGED from [com.android.support:support-v4:23.3.0] AndroidManifest.xml:22:5-20
MERGED from [com.android.support:animated-vector-drawable:23.3.0] AndroidManifest.xml:7:5-20
MERGED from [com.android.support:support-vector-drawable:23.3.0] AndroidManifest.xml:7:5-20
MERGED from [com.android.support:support-v4:23.3.0] AndroidManifest.xml:22:5-20
MERGED from [com.android.support:support-v4:23.3.0] AndroidManifest.xml:22:5-20
MERGED from [com.android.support:support-v4:23.3.0] AndroidManifest.xml:22:5-20
MERGED from [com.android.support:support-v4:23.3.0] AndroidManifest.xml:22:5-20
MERGED from [com.android.support:cardview-v7:23.3.0] AndroidManifest.xml:22:5-20
MERGED from [com.android.support:support-v4:23.3.0] AndroidManifest.xml:22:5-20
MERGED from [com.google.android.gms:play-services:8.4.0] AndroidManifest.xml:19:5-20
MERGED from [com.google.android.gms:play-services-ads:8.4.0] AndroidManifest.xml:24:5-32:19
MERGED from [com.google.android.gms:play-services-basement:8.4.0] AndroidManifest.xml:20:5-24:19
MERGED from [com.android.support:support-v4:23.3.0] AndroidManifest.xml:22:5-20
MERGED from [com.google.android.gms:play-services-analytics:8.4.0] AndroidManifest.xml:24:5-20
MERGED from [com.google.android.gms:play-services-basement:8.4.0] AndroidManifest.xml:20:5-24:19
MERGED from [com.android.support:support-v4:23.3.0] AndroidManifest.xml:22:5-20
MERGED from [com.google.android.gms:play-services-appindexing:8.4.0] AndroidManifest.xml:19:5-20
MERGED from [com.google.android.gms:play-services-basement:8.4.0] AndroidManifest.xml:20:5-24:19
MERGED from [com.android.support:support-v4:23.3.0] AndroidManifest.xml:22:5-20
MERGED from [com.google.android.gms:play-services-appinvite:8.4.0] AndroidManifest.xml:20:5-30:19
MERGED from [com.google.android.gms:play-services-basement:8.4.0] AndroidManifest.xml:20:5-24:19
MERGED from [com.android.support:support-v4:23.3.0] AndroidManifest.xml:22:5-20
MERGED from [com.google.android.gms:play-services-appstate:8.4.0] AndroidManifest.xml:19:5-20
MERGED from [com.google.android.gms:play-services-basement:8.4.0] AndroidManifest.xml:20:5-24:19
MERGED from [com.android.support:support-v4:23.3.0] AndroidManifest.xml:22:5-20
MERGED from [com.google.android.gms:play-services-auth:8.4.0] AndroidManifest.xml:20:5-32:19
MERGED from [com.google.android.gms:play-services-basement:8.4.0] AndroidManifest.xml:20:5-24:19
MERGED from [com.android.support:support-v4:23.3.0] AndroidManifest.xml:22:5-20
MERGED from [com.google.android.gms:play-services-basement:8.4.0] AndroidManifest.xml:20:5-24:19
MERGED from [com.android.support:support-v4:23.3.0] AndroidManifest.xml:22:5-20
MERGED from [com.google.android.gms:play-services-basement:8.4.0] AndroidManifest.xml:20:5-24:19
MERGED from [com.android.support:support-v4:23.3.0] AndroidManifest.xml:22:5-20
MERGED from [com.google.android.gms:play-services-cast:8.4.0] AndroidManifest.xml:19:5-20
MERGED from [com.google.android.gms:play-services-basement:8.4.0] AndroidManifest.xml:20:5-24:19
MERGED from [com.android.support:support-v4:23.3.0] AndroidManifest.xml:22:5-20
MERGED from [com.android.support:mediarouter-v7:23.0.0] AndroidManifest.xml:22:5-20
MERGED from [com.android.support:appcompat-v7:23.3.0] AndroidManifest.xml:25:5-20
MERGED from [com.android.support:support-vector-drawable:23.3.0] AndroidManifest.xml:7:5-20
MERGED from [com.android.support:support-v4:23.3.0] AndroidManifest.xml:22:5-20
MERGED from [com.android.support:animated-vector-drawable:23.3.0] AndroidManifest.xml:7:5-20
MERGED from [com.android.support:support-vector-drawable:23.3.0] AndroidManifest.xml:7:5-20
MERGED from [com.android.support:support-v4:23.3.0] AndroidManifest.xml:22:5-20
MERGED from [com.android.support:support-v4:23.3.0] AndroidManifest.xml:22:5-20
MERGED from [com.google.android.gms:play-services-drive:8.4.0] AndroidManifest.xml:19:5-20
MERGED from [com.google.android.gms:play-services-basement:8.4.0] AndroidManifest.xml:20:5-24:19
MERGED from [com.android.support:support-v4:23.3.0] AndroidManifest.xml:22:5-20
MERGED from [com.google.android.gms:play-services-fitness:8.4.0] AndroidManifest.xml:19:5-20
MERGED from [com.google.android.gms:play-services-basement:8.4.0] AndroidManifest.xml:20:5-24:19
MERGED from [com.android.support:support-v4:23.3.0] AndroidManifest.xml:22:5-20
MERGED from [com.google.android.gms:play-services-location:8.4.0] AndroidManifest.xml:19:5-20
MERGED from [com.google.android.gms:play-services-basement:8.4.0] AndroidManifest.xml:20:5-24:19
MERGED from [com.android.support:support-v4:23.3.0] AndroidManifest.xml:22:5-20
MERGED from [com.google.android.gms:play-services-maps:8.4.0] AndroidManifest.xml:27:5-20
MERGED from [com.google.android.gms:play-services-basement:8.4.0] AndroidManifest.xml:20:5-24:19
MERGED from [com.android.support:support-v4:23.3.0] AndroidManifest.xml:22:5-20
MERGED from [com.google.android.gms:play-services-games:8.4.0] AndroidManifest.xml:19:5-20
MERGED from [com.google.android.gms:play-services-basement:8.4.0] AndroidManifest.xml:20:5-24:19
MERGED from [com.android.support:support-v4:23.3.0] AndroidManifest.xml:22:5-20
MERGED from [com.google.android.gms:play-services-drive:8.4.0] AndroidManifest.xml:19:5-20
MERGED from [com.google.android.gms:play-services-basement:8.4.0] AndroidManifest.xml:20:5-24:19
MERGED from [com.android.support:support-v4:23.3.0] AndroidManifest.xml:22:5-20
MERGED from [com.google.android.gms:play-services-gcm:8.4.0] AndroidManifest.xml:24:5-20
MERGED from [com.google.android.gms:play-services-basement:8.4.0] AndroidManifest.xml:20:5-24:19
MERGED from [com.android.support:support-v4:23.3.0] AndroidManifest.xml:22:5-20
MERGED from [com.google.android.gms:play-services-measurement:8.4.0] AndroidManifest.xml:26:5-46:19
MERGED from [com.google.android.gms:play-services-basement:8.4.0] AndroidManifest.xml:20:5-24:19
MERGED from [com.android.support:support-v4:23.3.0] AndroidManifest.xml:22:5-20
MERGED from [com.google.android.gms:play-services-identity:8.4.0] AndroidManifest.xml:19:5-20
MERGED from [com.google.android.gms:play-services-basement:8.4.0] AndroidManifest.xml:20:5-24:19
MERGED from [com.android.support:support-v4:23.3.0] AndroidManifest.xml:22:5-20
MERGED from [com.google.android.gms:play-services-location:8.4.0] AndroidManifest.xml:19:5-20
MERGED from [com.google.android.gms:play-services-basement:8.4.0] AndroidManifest.xml:20:5-24:19
MERGED from [com.android.support:support-v4:23.3.0] AndroidManifest.xml:22:5-20
MERGED from [com.google.android.gms:play-services-maps:8.4.0] AndroidManifest.xml:27:5-20
MERGED from [com.google.android.gms:play-services-basement:8.4.0] AndroidManifest.xml:20:5-24:19
MERGED from [com.android.support:support-v4:23.3.0] AndroidManifest.xml:22:5-20
MERGED from [com.google.android.gms:play-services-maps:8.4.0] AndroidManifest.xml:27:5-20
MERGED from [com.google.android.gms:play-services-basement:8.4.0] AndroidManifest.xml:20:5-24:19
MERGED from [com.android.support:support-v4:23.3.0] AndroidManifest.xml:22:5-20
MERGED from [com.google.android.gms:play-services-measurement:8.4.0] AndroidManifest.xml:26:5-46:19
MERGED from [com.google.android.gms:play-services-basement:8.4.0] AndroidManifest.xml:20:5-24:19
MERGED from [com.android.support:support-v4:23.3.0] AndroidManifest.xml:22:5-20
MERGED from [com.google.android.gms:play-services-nearby:8.4.0] AndroidManifest.xml:20:5-20
MERGED from [com.google.android.gms:play-services-basement:8.4.0] AndroidManifest.xml:20:5-24:19
MERGED from [com.android.support:support-v4:23.3.0] AndroidManifest.xml:22:5-20
MERGED from [com.google.android.gms:play-services-panorama:8.4.0] AndroidManifest.xml:19:5-20
MERGED from [com.google.android.gms:play-services-basement:8.4.0] AndroidManifest.xml:20:5-24:19
MERGED from [com.android.support:support-v4:23.3.0] AndroidManifest.xml:22:5-20
MERGED from [com.google.android.gms:play-services-plus:8.4.0] AndroidManifest.xml:19:5-20
MERGED from [com.google.android.gms:play-services-basement:8.4.0] AndroidManifest.xml:20:5-24:19
MERGED from [com.android.support:support-v4:23.3.0] AndroidManifest.xml:22:5-20
MERGED from [com.google.android.gms:play-services-safetynet:8.4.0] AndroidManifest.xml:19:5-20
MERGED from [com.google.android.gms:play-services-basement:8.4.0] AndroidManifest.xml:20:5-24:19
MERGED from [com.android.support:support-v4:23.3.0] AndroidManifest.xml:22:5-20
MERGED from [com.google.android.gms:play-services-vision:8.4.0] AndroidManifest.xml:5:5-20
MERGED from [com.google.android.gms:play-services-basement:8.4.0] AndroidManifest.xml:20:5-24:19
MERGED from [com.android.support:support-v4:23.3.0] AndroidManifest.xml:22:5-20
MERGED from [com.google.android.gms:play-services-basement:8.4.0] AndroidManifest.xml:20:5-24:19
MERGED from [com.android.support:support-v4:23.3.0] AndroidManifest.xml:22:5-20
MERGED from [com.google.android.gms:play-services-identity:8.4.0] AndroidManifest.xml:19:5-20
MERGED from [com.google.android.gms:play-services-basement:8.4.0] AndroidManifest.xml:20:5-24:19
MERGED from [com.android.support:support-v4:23.3.0] AndroidManifest.xml:22:5-20
MERGED from [com.google.android.gms:play-services-maps:8.4.0] AndroidManifest.xml:27:5-20
MERGED from [com.google.android.gms:play-services-basement:8.4.0] AndroidManifest.xml:20:5-24:19
MERGED from [com.android.support:support-v4:23.3.0] AndroidManifest.xml:22:5-20
MERGED from [com.google.android.gms:play-services-wearable:8.4.0] AndroidManifest.xml:19:5-20
MERGED from [com.google.android.gms:play-services-basement:8.4.0] AndroidManifest.xml:20:5-24:19
MERGED from [com.android.support:support-v4:23.3.0] AndroidManifest.xml:22:5-20
	android:label
		ADDED from src/main/AndroidManifest.xml:18:9-41
	android:supportsRtl
		ADDED from src/main/AndroidManifest.xml:19:9-35
	android:allowBackup
		ADDED from src/main/AndroidManifest.xml:16:9-35
	android:icon
		ADDED from src/main/AndroidManifest.xml:17:9-45
	android:theme
		ADDED from src/main/AndroidManifest.xml:20:9-51
activity#com.example.maaz.personalnotesapp.NotesActivity
ADDED from src/main/AndroidManifest.xml:21:9-29:20
	android:label
		ADDED from src/main/AndroidManifest.xml:23:13-42
	android:name
		ADDED from src/main/AndroidManifest.xml:22:13-42
intent-filter#android.intent.action.MAIN+android.intent.category.LAUNCHER
ADDED from src/main/AndroidManifest.xml:24:13-28:29
action#android.intent.action.MAIN
ADDED from src/main/AndroidManifest.xml:25:17-69
	android:name
		ADDED from src/main/AndroidManifest.xml:25:25-66
category#android.intent.category.LAUNCHER
ADDED from src/main/AndroidManifest.xml:27:17-77
	android:name
		ADDED from src/main/AndroidManifest.xml:27:27-74
activity#com.example.maaz.personalnotesapp.NoteDetailActivity
ADDED from src/main/AndroidManifest.xml:30:9-32:69
	android:label
		ADDED from src/main/AndroidManifest.xml:32:13-57
	android:name
		ADDED from src/main/AndroidManifest.xml:31:13-47
activity#com.example.maaz.personalnotesapp.TrashActivity
ADDED from src/main/AndroidManifest.xml:33:9-35:54
	android:label
		ADDED from src/main/AndroidManifest.xml:35:13-42
	android:name
		ADDED from src/main/AndroidManifest.xml:34:13-42
activity#com.example.maaz.personalnotesapp.ArchivesActivity
ADDED from src/main/AndroidManifest.xml:36:9-38:57
	android:label
		ADDED from src/main/AndroidManifest.xml:38:13-45
	android:name
		ADDED from src/main/AndroidManifest.xml:37:13-45
activity#com.example.maaz.personalnotesapp.HelpFeedActivity
ADDED from src/main/AndroidManifest.xml:39:9-42:49
	android:label
		ADDED from src/main/AndroidManifest.xml:41:13-52
	android:noHistory
		ADDED from src/main/AndroidManifest.xml:42:13-37
	android:name
		ADDED from src/main/AndroidManifest.xml:40:13-45
activity#com.example.maaz.personalnotesapp.GoogleDriveSelectionActivity
ADDED from src/main/AndroidManifest.xml:43:9-45:74
	android:label
		ADDED from src/main/AndroidManifest.xml:45:13-62
	android:name
		ADDED from src/main/AndroidManifest.xml:44:13-57
activity#com.example.maaz.personalnotesapp.AppAuthenticationActivity
ADDED from src/main/AndroidManifest.xml:46:9-50:68
	android:label
		ADDED from src/main/AndroidManifest.xml:48:13-74
	android:parentActivityName
		ADDED from src/main/AndroidManifest.xml:50:13-56
	android:noHistory
		ADDED from src/main/AndroidManifest.xml:49:13-37
	android:name
		ADDED from src/main/AndroidManifest.xml:47:13-54
activity#com.example.maaz.personalnotesapp.GoogleDriveDirectoryNameGetterActivity
ADDED from src/main/AndroidManifest.xml:51:9-55:68
	android:label
		ADDED from src/main/AndroidManifest.xml:53:13-74
	android:parentActivityName
		ADDED from src/main/AndroidManifest.xml:55:13-56
	android:noHistory
		ADDED from src/main/AndroidManifest.xml:54:13-37
	android:name
		ADDED from src/main/AndroidManifest.xml:52:13-67
activity#com.example.maaz.personalnotesapp.DropboxPickerActivity
ADDED from src/main/AndroidManifest.xml:56:9-58:82
	android:label
		ADDED from src/main/AndroidManifest.xml:58:13-70
	android:name
		ADDED from src/main/AndroidManifest.xml:57:13-50
activity#com.dropbox.client2.android.AuthActivity
ADDED from src/main/AndroidManifest.xml:59:9-71:20
	android:launchMode
		ADDED from src/main/AndroidManifest.xml:62:13-44
	android:configChanges
		ADDED from src/main/AndroidManifest.xml:61:13-57
	android:name
		ADDED from src/main/AndroidManifest.xml:60:13-68
intent-filter#android.intent.action.VIEW+android.intent.category.BROWSABLE+android.intent.category.DEFAULT
ADDED from src/main/AndroidManifest.xml:63:13-70:29
data
ADDED from src/main/AndroidManifest.xml:64:17-61
	android:scheme
		ADDED from src/main/AndroidManifest.xml:64:23-58
action#android.intent.action.VIEW
ADDED from src/main/AndroidManifest.xml:66:17-69
	android:name
		ADDED from src/main/AndroidManifest.xml:66:25-66
category#android.intent.category.BROWSABLE
ADDED from src/main/AndroidManifest.xml:68:17-78
	android:name
		ADDED from src/main/AndroidManifest.xml:68:27-75
category#android.intent.category.DEFAULT
ADDED from src/main/AndroidManifest.xml:69:17-76
	android:name
		ADDED from src/main/AndroidManifest.xml:69:27-73
receiver#com.example.maaz.personalnotesapp.AlarmRecevier
ADDED from src/main/AndroidManifest.xml:73:9-75:41
	android:process
		ADDED from src/main/AndroidManifest.xml:75:13-38
	android:name
		ADDED from src/main/AndroidManifest.xml:74:13-42
provider#com.example.maaz.personalnotesapp.AppProvider
ADDED from src/main/AndroidManifest.xml:77:9-82:94
	android:readPermission
		ADDED from src/main/AndroidManifest.xml:81:13-90
	android:authorities
		ADDED from src/main/AndroidManifest.xml:79:13-77
	android:exported
		ADDED from src/main/AndroidManifest.xml:80:13-36
	android:name
		ADDED from src/main/AndroidManifest.xml:78:13-40
	android:writePermission
		ADDED from src/main/AndroidManifest.xml:82:13-91
meta-data#com.google.android.gms.services.version
ADDED from src/main/AndroidManifest.xml:84:9-86:69
	android:value
		ADDED from src/main/AndroidManifest.xml:86:13-66
	android:name
		ADDED from src/main/AndroidManifest.xml:85:13-67
uses-sdk
INJECTED from src/main/AndroidManifest.xml reason: use-sdk injection requested
MERGED from [com.android.support:multidex:1.0.1] AndroidManifest.xml:18:5-42
MERGED from [com.android.support:appcompat-v7:23.3.0] AndroidManifest.xml:21:5-23:78
MERGED from [com.android.support:support-vector-drawable:23.3.0] AndroidManifest.xml:5:5-43
MERGED from [com.android.support:support-v4:23.3.0] AndroidManifest.xml:20:5-43
MERGED from [com.android.support:animated-vector-drawable:23.3.0] AndroidManifest.xml:5:5-44
MERGED from [com.android.support:support-vector-drawable:23.3.0] AndroidManifest.xml:5:5-43
MERGED from [com.android.support:support-v4:23.3.0] AndroidManifest.xml:20:5-43
MERGED from [com.android.support:support-v4:23.3.0] AndroidManifest.xml:20:5-43
MERGED from [com.android.support:design:23.3.0] AndroidManifest.xml:20:5-43
MERGED from [com.android.support:appcompat-v7:23.3.0] AndroidManifest.xml:21:5-23:78
MERGED from [com.android.support:support-vector-drawable:23.3.0] AndroidManifest.xml:5:5-43
MERGED from [com.android.support:support-v4:23.3.0] AndroidManifest.xml:20:5-43
MERGED from [com.android.support:animated-vector-drawable:23.3.0] AndroidManifest.xml:5:5-44
MERGED from [com.android.support:support-vector-drawable:23.3.0] AndroidManifest.xml:5:5-43
MERGED from [com.android.support:support-v4:23.3.0] AndroidManifest.xml:20:5-43
MERGED from [com.android.support:support-v4:23.3.0] AndroidManifest.xml:20:5-43
MERGED from [com.android.support:support-v4:23.3.0] AndroidManifest.xml:20:5-43
MERGED from [com.android.support:recyclerview-v7:23.3.0] AndroidManifest.xml:20:5-43
MERGED from [com.android.support:support-v4:23.3.0] AndroidManifest.xml:20:5-43
MERGED from [com.android.support:cardview-v7:23.3.0] AndroidManifest.xml:20:5-43
MERGED from [com.android.support:recyclerview-v7:23.3.0] AndroidManifest.xml:20:5-43
MERGED from [com.android.support:support-v4:23.3.0] AndroidManifest.xml:20:5-43
MERGED from [com.google.android.gms:play-services:8.4.0] AndroidManifest.xml:18:5-42
MERGED from [com.google.android.gms:play-services-ads:8.4.0] AndroidManifest.xml:23:5-42
MERGED from [com.google.android.gms:play-services-basement:8.4.0] AndroidManifest.xml:18:5-42
MERGED from [com.android.support:support-v4:23.3.0] AndroidManifest.xml:20:5-43
MERGED from [com.google.android.gms:play-services-analytics:8.4.0] AndroidManifest.xml:18:5-42
MERGED from [com.google.android.gms:play-services-basement:8.4.0] AndroidManifest.xml:18:5-42
MERGED from [com.android.support:support-v4:23.3.0] AndroidManifest.xml:20:5-43
MERGED from [com.google.android.gms:play-services-appindexing:8.4.0] AndroidManifest.xml:18:5-42
MERGED from [com.google.android.gms:play-services-base:8.4.0] AndroidManifest.xml:18:5-42
MERGED from [com.google.android.gms:play-services-basement:8.4.0] AndroidManifest.xml:18:5-42
MERGED from [com.android.support:support-v4:23.3.0] AndroidManifest.xml:20:5-43
MERGED from [com.google.android.gms:play-services-appinvite:8.4.0] AndroidManifest.xml:18:5-42
MERGED from [com.google.android.gms:play-services-base:8.4.0] AndroidManifest.xml:18:5-42
MERGED from [com.google.android.gms:play-services-basement:8.4.0] AndroidManifest.xml:18:5-42
MERGED from [com.android.support:support-v4:23.3.0] AndroidManifest.xml:20:5-43
MERGED from [com.google.android.gms:play-services-appstate:8.4.0] AndroidManifest.xml:18:5-42
MERGED from [com.google.android.gms:play-services-base:8.4.0] AndroidManifest.xml:18:5-42
MERGED from [com.google.android.gms:play-services-basement:8.4.0] AndroidManifest.xml:18:5-42
MERGED from [com.android.support:support-v4:23.3.0] AndroidManifest.xml:20:5-43
MERGED from [com.google.android.gms:play-services-auth:8.4.0] AndroidManifest.xml:18:5-43
MERGED from [com.google.android.gms:play-services-base:8.4.0] AndroidManifest.xml:18:5-42
MERGED from [com.google.android.gms:play-services-basement:8.4.0] AndroidManifest.xml:18:5-42
MERGED from [com.android.support:support-v4:23.3.0] AndroidManifest.xml:20:5-43
MERGED from [com.google.android.gms:play-services-base:8.4.0] AndroidManifest.xml:18:5-42
MERGED from [com.google.android.gms:play-services-basement:8.4.0] AndroidManifest.xml:18:5-42
MERGED from [com.android.support:support-v4:23.3.0] AndroidManifest.xml:20:5-43
MERGED from [com.google.android.gms:play-services-basement:8.4.0] AndroidManifest.xml:18:5-42
MERGED from [com.android.support:support-v4:23.3.0] AndroidManifest.xml:20:5-43
MERGED from [com.google.android.gms:play-services-cast:8.4.0] AndroidManifest.xml:18:5-42
MERGED from [com.google.android.gms:play-services-base:8.4.0] AndroidManifest.xml:18:5-42
MERGED from [com.google.android.gms:play-services-basement:8.4.0] AndroidManifest.xml:18:5-42
MERGED from [com.android.support:support-v4:23.3.0] AndroidManifest.xml:20:5-43
MERGED from [com.android.support:mediarouter-v7:23.0.0] AndroidManifest.xml:20:5-43
MERGED from [com.android.support:appcompat-v7:23.3.0] AndroidManifest.xml:21:5-23:78
MERGED from [com.android.support:support-vector-drawable:23.3.0] AndroidManifest.xml:5:5-43
MERGED from [com.android.support:support-v4:23.3.0] AndroidManifest.xml:20:5-43
MERGED from [com.android.support:animated-vector-drawable:23.3.0] AndroidManifest.xml:5:5-44
MERGED from [com.android.support:support-vector-drawable:23.3.0] AndroidManifest.xml:5:5-43
MERGED from [com.android.support:support-v4:23.3.0] AndroidManifest.xml:20:5-43
MERGED from [com.android.support:support-v4:23.3.0] AndroidManifest.xml:20:5-43
MERGED from [com.google.android.gms:play-services-drive:8.4.0] AndroidManifest.xml:18:5-42
MERGED from [com.google.android.gms:play-services-base:8.4.0] AndroidManifest.xml:18:5-42
MERGED from [com.google.android.gms:play-services-basement:8.4.0] AndroidManifest.xml:18:5-42
MERGED from [com.android.support:support-v4:23.3.0] AndroidManifest.xml:20:5-43
MERGED from [com.google.android.gms:play-services-fitness:8.4.0] AndroidManifest.xml:18:5-42
MERGED from [com.google.android.gms:play-services-base:8.4.0] AndroidManifest.xml:18:5-42
MERGED from [com.google.android.gms:play-services-basement:8.4.0] AndroidManifest.xml:18:5-42
MERGED from [com.android.support:support-v4:23.3.0] AndroidManifest.xml:20:5-43
MERGED from [com.google.android.gms:play-services-location:8.4.0] AndroidManifest.xml:18:5-42
MERGED from [com.google.android.gms:play-services-base:8.4.0] AndroidManifest.xml:18:5-42
MERGED from [com.google.android.gms:play-services-basement:8.4.0] AndroidManifest.xml:18:5-42
MERGED from [com.android.support:support-v4:23.3.0] AndroidManifest.xml:20:5-43
MERGED from [com.google.android.gms:play-services-maps:8.4.0] AndroidManifest.xml:26:5-42
MERGED from [com.google.android.gms:play-services-base:8.4.0] AndroidManifest.xml:18:5-42
MERGED from [com.google.android.gms:play-services-basement:8.4.0] AndroidManifest.xml:18:5-42
MERGED from [com.android.support:support-v4:23.3.0] AndroidManifest.xml:20:5-43
MERGED from [com.google.android.gms:play-services-games:8.4.0] AndroidManifest.xml:18:5-42
MERGED from [com.google.android.gms:play-services-base:8.4.0] AndroidManifest.xml:18:5-42
MERGED from [com.google.android.gms:play-services-basement:8.4.0] AndroidManifest.xml:18:5-42
MERGED from [com.android.support:support-v4:23.3.0] AndroidManifest.xml:20:5-43
MERGED from [com.google.android.gms:play-services-drive:8.4.0] AndroidManifest.xml:18:5-42
MERGED from [com.google.android.gms:play-services-base:8.4.0] AndroidManifest.xml:18:5-42
MERGED from [com.google.android.gms:play-services-basement:8.4.0] AndroidManifest.xml:18:5-42
MERGED from [com.android.support:support-v4:23.3.0] AndroidManifest.xml:20:5-43
MERGED from [com.google.android.gms:play-services-gcm:8.4.0] AndroidManifest.xml:18:5-42
MERGED from [com.google.android.gms:play-services-base:8.4.0] AndroidManifest.xml:18:5-42
MERGED from [com.google.android.gms:play-services-basement:8.4.0] AndroidManifest.xml:18:5-42
MERGED from [com.android.support:support-v4:23.3.0] AndroidManifest.xml:20:5-43
MERGED from [com.google.android.gms:play-services-measurement:8.4.0] AndroidManifest.xml:18:5-42
MERGED from [com.google.android.gms:play-services-basement:8.4.0] AndroidManifest.xml:18:5-42
MERGED from [com.android.support:support-v4:23.3.0] AndroidManifest.xml:20:5-43
MERGED from [com.google.android.gms:play-services-identity:8.4.0] AndroidManifest.xml:18:5-42
MERGED from [com.google.android.gms:play-services-base:8.4.0] AndroidManifest.xml:18:5-42
MERGED from [com.google.android.gms:play-services-basement:8.4.0] AndroidManifest.xml:18:5-42
MERGED from [com.android.support:support-v4:23.3.0] AndroidManifest.xml:20:5-43
MERGED from [com.google.android.gms:play-services-location:8.4.0] AndroidManifest.xml:18:5-42
MERGED from [com.google.android.gms:play-services-base:8.4.0] AndroidManifest.xml:18:5-42
MERGED from [com.google.android.gms:play-services-basement:8.4.0] AndroidManifest.xml:18:5-42
MERGED from [com.android.support:support-v4:23.3.0] AndroidManifest.xml:20:5-43
MERGED from [com.google.android.gms:play-services-maps:8.4.0] AndroidManifest.xml:26:5-42
MERGED from [com.google.android.gms:play-services-base:8.4.0] AndroidManifest.xml:18:5-42
MERGED from [com.google.android.gms:play-services-basement:8.4.0] AndroidManifest.xml:18:5-42
MERGED from [com.android.support:support-v4:23.3.0] AndroidManifest.xml:20:5-43
MERGED from [com.google.android.gms:play-services-maps:8.4.0] AndroidManifest.xml:26:5-42
MERGED from [com.google.android.gms:play-services-base:8.4.0] AndroidManifest.xml:18:5-42
MERGED from [com.google.android.gms:play-services-basement:8.4.0] AndroidManifest.xml:18:5-42
MERGED from [com.android.support:support-v4:23.3.0] AndroidManifest.xml:20:5-43
MERGED from [com.google.android.gms:play-services-measurement:8.4.0] AndroidManifest.xml:18:5-42
MERGED from [com.google.android.gms:play-services-basement:8.4.0] AndroidManifest.xml:18:5-42
MERGED from [com.android.support:support-v4:23.3.0] AndroidManifest.xml:20:5-43
MERGED from [com.google.android.gms:play-services-nearby:8.4.0] AndroidManifest.xml:18:5-42
MERGED from [com.google.android.gms:play-services-base:8.4.0] AndroidManifest.xml:18:5-42
MERGED from [com.google.android.gms:play-services-basement:8.4.0] AndroidManifest.xml:18:5-42
MERGED from [com.android.support:support-v4:23.3.0] AndroidManifest.xml:20:5-43